<?xml version="1.0" encoding="UTF-8"?>
<testsuite xmlns:xsi="http://www.w3.org/2001/XMLSchema-instance" xsi:noNamespaceSchemaLocation="https://maven.apache.org/surefire/maven-surefire-plugin/xsd/surefire-test-report-3.0.xsd" version="3.0" name="ru.yandex.praktikum.FelineTest" time="0.008" tests="4" errors="0" skipped="0" failures="0">
  <properties>
[...]
</properties>
  <testcase name="getKittensWithParamReturnsValue" classname="ru.yandex.praktikum.FelineTest" time="0.001"/>
  <testcase name="eatMeatReturnsCorrectFood" classname="ru.yandex.praktikum.FelineTest" time="0.001"/>
  <testcase name="getFamilyReturnsCorrectFamily" classname="ru.yandex.praktikum.FelineTest" time="0.001"/>
  <testcase name="getKittensReturnsDefaultOne" classname="ru.yandex.praktikum.FelineTest" time="0.0"/>
</testsuite>